{"C:\\Users\\LENOVO\\Desktop\\Developer-noob\\simple-web-developer-test\\back-end\\app.js": {"path":"C:\\Users\\LENOVO\\Desktop\\Developer-noob\\simple-web-developer-test\\back-end\\app.js","statementMap":{"0":{"start":{"line":1,"column":0},"end":{"line":1,"column":44}},"1":{"start":{"line":1,"column":17},"end":{"line":1,"column":44}},"2":{"start":{"line":3,"column":16},"end":{"line":3,"column":34}},"3":{"start":{"line":4,"column":13},"end":{"line":4,"column":28}},"4":{"start":{"line":5,"column":16},"end":{"line":5,"column":40}},"5":{"start":{"line":6,"column":21},"end":{"line":6,"column":58}},"6":{"start":{"line":7,"column":15},"end":{"line":7,"column":34}},"7":{"start":{"line":9,"column":0},"end":{"line":9,"column":10}},"8":{"start":{"line":11,"column":12},"end":{"line":11,"column":21}},"9":{"start":{"line":13,"column":0},"end":{"line":13,"column":16}},"10":{"start":{"line":14,"column":0},"end":{"line":14,"column":24}},"11":{"start":{"line":15,"column":0},"end":{"line":15,"column":48}},"12":{"start":{"line":17,"column":0},"end":{"line":17,"column":16}},"13":{"start":{"line":18,"column":0},"end":{"line":18,"column":22}},"14":{"start":{"line":20,"column":0},"end":{"line":20,"column":21}}},"fnMap":{},"branchMap":{"0":{"loc":{"start":{"line":1,"column":0},"end":{"line":1,"column":44}},"type":"if","locations":[{"start":{"line":1,"column":0},"end":{"line":1,"column":44}},{"start":{},"end":{}}],"line":1}},"s":{"0":1,"1":1,"2":1,"3":1,"4":1,"5":1,"6":1,"7":1,"8":1,"9":1,"10":1,"11":1,"12":1,"13":1,"14":1},"f":{},"b":{"0":[1,0]},"_coverageSchema":"1a1c01bbd47fc00a2c39e90264f33305004495a9","hash":"4577f9469940752ef13253d302c2ebd3f8030dd1"}
,"C:\\Users\\LENOVO\\Desktop\\Developer-noob\\simple-web-developer-test\\back-end\\controllers\\userController.js": {"path":"C:\\Users\\LENOVO\\Desktop\\Developer-noob\\simple-web-developer-test\\back-end\\controllers\\userController.js","statementMap":{"0":{"start":{"line":1,"column":45},"end":{"line":1,"column":73}},"1":{"start":{"line":2,"column":22},"end":{"line":2,"column":47}},"2":{"start":{"line":3,"column":13},"end":{"line":3,"column":38}},"3":{"start":{"line":7,"column":8},"end":{"line":12,"column":9}},"4":{"start":{"line":8,"column":26},"end":{"line":8,"column":74}},"5":{"start":{"line":9,"column":12},"end":{"line":9,"column":50}},"6":{"start":{"line":11,"column":12},"end":{"line":11,"column":24}},"7":{"start":{"line":16,"column":42},"end":{"line":16,"column":50}},"8":{"start":{"line":17,"column":8},"end":{"line":29,"column":9}},"9":{"start":{"line":18,"column":12},"end":{"line":18,"column":113}},"10":{"start":{"line":18,"column":46},"end":{"line":18,"column":113}},"11":{"start":{"line":19,"column":28},"end":{"line":23,"column":13}},"12":{"start":{"line":25,"column":31},"end":{"line":25,"column":65}},"13":{"start":{"line":26,"column":12},"end":{"line":26,"column":81}},"14":{"start":{"line":28,"column":12},"end":{"line":28,"column":24}},"15":{"start":{"line":33,"column":23},"end":{"line":33,"column":33}},"16":{"start":{"line":34,"column":8},"end":{"line":41,"column":9}},"17":{"start":{"line":35,"column":25},"end":{"line":35,"column":88}},"18":{"start":{"line":36,"column":12},"end":{"line":36,"column":78}},"19":{"start":{"line":36,"column":23},"end":{"line":36,"column":78}},"20":{"start":{"line":38,"column":12},"end":{"line":38,"column":49}},"21":{"start":{"line":40,"column":12},"end":{"line":40,"column":24}},"22":{"start":{"line":45,"column":23},"end":{"line":45,"column":33}},"23":{"start":{"line":46,"column":8},"end":{"line":54,"column":9}},"24":{"start":{"line":47,"column":25},"end":{"line":47,"column":56}},"25":{"start":{"line":48,"column":12},"end":{"line":48,"column":78}},"26":{"start":{"line":48,"column":23},"end":{"line":48,"column":78}},"27":{"start":{"line":50,"column":32},"end":{"line":50,"column":65}},"28":{"start":{"line":51,"column":12},"end":{"line":51,"column":97}},"29":{"start":{"line":51,"column":34},"end":{"line":51,"column":97}},"30":{"start":{"line":53,"column":12},"end":{"line":53,"column":24}},"31":{"start":{"line":58,"column":36},"end":{"line":58,"column":44}},"32":{"start":{"line":59,"column":8},"end":{"line":77,"column":9}},"33":{"start":{"line":60,"column":12},"end":{"line":60,"column":104}},"34":{"start":{"line":60,"column":37},"end":{"line":60,"column":104}},"35":{"start":{"line":61,"column":23},"end":{"line":61,"column":60}},"36":{"start":{"line":63,"column":12},"end":{"line":74,"column":13}},"37":{"start":{"line":64,"column":16},"end":{"line":64,"column":83}},"38":{"start":{"line":65,"column":19},"end":{"line":74,"column":13}},"39":{"start":{"line":66,"column":16},"end":{"line":66,"column":83}},"40":{"start":{"line":68,"column":28},"end":{"line":68,"column":60}},"41":{"start":{"line":69,"column":16},"end":{"line":73,"column":19}},"42":{"start":{"line":76,"column":12},"end":{"line":76,"column":24}},"43":{"start":{"line":81,"column":0},"end":{"line":81,"column":28}}},"fnMap":{"0":{"name":"(anonymous_0)","decl":{"start":{"line":6,"column":4},"end":{"line":6,"column":5}},"loc":{"start":{"line":6,"column":42},"end":{"line":13,"column":5}},"line":6},"1":{"name":"(anonymous_1)","decl":{"start":{"line":15,"column":4},"end":{"line":15,"column":5}},"loc":{"start":{"line":15,"column":43},"end":{"line":30,"column":5}},"line":15},"2":{"name":"(anonymous_2)","decl":{"start":{"line":32,"column":4},"end":{"line":32,"column":5}},"loc":{"start":{"line":32,"column":42},"end":{"line":42,"column":5}},"line":32},"3":{"name":"(anonymous_3)","decl":{"start":{"line":44,"column":4},"end":{"line":44,"column":5}},"loc":{"start":{"line":44,"column":45},"end":{"line":55,"column":5}},"line":44},"4":{"name":"(anonymous_4)","decl":{"start":{"line":57,"column":4},"end":{"line":57,"column":5}},"loc":{"start":{"line":57,"column":43},"end":{"line":78,"column":5}},"line":57}},"branchMap":{"0":{"loc":{"start":{"line":18,"column":12},"end":{"line":18,"column":113}},"type":"if","locations":[{"start":{"line":18,"column":12},"end":{"line":18,"column":113}},{"start":{},"end":{}}],"line":18},"1":{"loc":{"start":{"line":18,"column":16},"end":{"line":18,"column":44}},"type":"binary-expr","locations":[{"start":{"line":18,"column":16},"end":{"line":18,"column":21}},{"start":{"line":18,"column":25},"end":{"line":18,"column":31}},{"start":{"line":18,"column":35},"end":{"line":18,"column":44}}],"line":18},"2":{"loc":{"start":{"line":36,"column":12},"end":{"line":36,"column":78}},"type":"if","locations":[{"start":{"line":36,"column":12},"end":{"line":36,"column":78}},{"start":{},"end":{}}],"line":36},"3":{"loc":{"start":{"line":48,"column":12},"end":{"line":48,"column":78}},"type":"if","locations":[{"start":{"line":48,"column":12},"end":{"line":48,"column":78}},{"start":{},"end":{}}],"line":48},"4":{"loc":{"start":{"line":51,"column":12},"end":{"line":51,"column":97}},"type":"if","locations":[{"start":{"line":51,"column":12},"end":{"line":51,"column":97}},{"start":{},"end":{}}],"line":51},"5":{"loc":{"start":{"line":60,"column":12},"end":{"line":60,"column":104}},"type":"if","locations":[{"start":{"line":60,"column":12},"end":{"line":60,"column":104}},{"start":{},"end":{}}],"line":60},"6":{"loc":{"start":{"line":60,"column":16},"end":{"line":60,"column":35}},"type":"binary-expr","locations":[{"start":{"line":60,"column":16},"end":{"line":60,"column":22}},{"start":{"line":60,"column":26},"end":{"line":60,"column":35}}],"line":60},"7":{"loc":{"start":{"line":63,"column":12},"end":{"line":74,"column":13}},"type":"if","locations":[{"start":{"line":63,"column":12},"end":{"line":74,"column":13}},{"start":{"line":65,"column":19},"end":{"line":74,"column":13}}],"line":63},"8":{"loc":{"start":{"line":65,"column":19},"end":{"line":74,"column":13}},"type":"if","locations":[{"start":{"line":65,"column":19},"end":{"line":74,"column":13}},{"start":{"line":67,"column":19},"end":{"line":74,"column":13}}],"line":65}},"s":{"0":1,"1":1,"2":1,"3":1,"4":1,"5":1,"6":0,"7":6,"8":6,"9":6,"10":4,"11":6,"12":5,"13":1,"14":5,"15":1,"16":1,"17":1,"18":1,"19":0,"20":1,"21":0,"22":2,"23":2,"24":2,"25":2,"26":1,"27":2,"28":2,"29":1,"30":0,"31":4,"32":4,"33":4,"34":2,"35":4,"36":3,"37":0,"38":3,"39":0,"40":2,"41":2,"42":2,"43":1},"f":{"0":1,"1":6,"2":1,"3":2,"4":4},"b":{"0":[4,2],"1":[6,2,2],"2":[0,1],"3":[1,1],"4":[1,1],"5":[2,2],"6":[4,3],"7":[0,3],"8":[0,2]},"_coverageSchema":"1a1c01bbd47fc00a2c39e90264f33305004495a9","hash":"a93099dda6837b3919aa02d41732c1d02f22e1b6"}
,"C:\\Users\\LENOVO\\Desktop\\Developer-noob\\simple-web-developer-test\\back-end\\db\\db-setup.js": {"path":"C:\\Users\\LENOVO\\Desktop\\Developer-noob\\simple-web-developer-test\\back-end\\db\\db-setup.js","statementMap":{"0":{"start":{"line":1,"column":13},"end":{"line":1,"column":28}},"1":{"start":{"line":2,"column":17},"end":{"line":2,"column":38}},"2":{"start":{"line":3,"column":18},"end":{"line":3,"column":38}},"3":{"start":{"line":6,"column":15},"end":{"line":6,"column":41}},"4":{"start":{"line":7,"column":4},"end":{"line":7,"column":19}},"5":{"start":{"line":10,"column":0},"end":{"line":10,"column":25}}},"fnMap":{"0":{"name":"setupDb","decl":{"start":{"line":5,"column":9},"end":{"line":5,"column":16}},"loc":{"start":{"line":5,"column":19},"end":{"line":8,"column":1}},"line":5}},"branchMap":{},"s":{"0":1,"1":1,"2":1,"3":1,"4":1,"5":1},"f":{"0":1},"b":{},"_coverageSchema":"1a1c01bbd47fc00a2c39e90264f33305004495a9","hash":"d0a4e12a28cf0f93173b5a849b94ea3d35b94fcf"}
,"C:\\Users\\LENOVO\\Desktop\\Developer-noob\\simple-web-developer-test\\back-end\\db\\knexfile.js": {"path":"C:\\Users\\LENOVO\\Desktop\\Developer-noob\\simple-web-developer-test\\back-end\\db\\knexfile.js","statementMap":{"0":{"start":{"line":2,"column":33},"end":{"line":2,"column":53}},"1":{"start":{"line":7,"column":0},"end":{"line":46,"column":2}}},"fnMap":{},"branchMap":{},"s":{"0":1,"1":1},"f":{},"b":{},"_coverageSchema":"1a1c01bbd47fc00a2c39e90264f33305004495a9","hash":"04a62feee2d10572d9e8f6bc636854370199a66c"}
,"C:\\Users\\LENOVO\\Desktop\\Developer-noob\\simple-web-developer-test\\back-end\\helpers\\bcrypt.js": {"path":"C:\\Users\\LENOVO\\Desktop\\Developer-noob\\simple-web-developer-test\\back-end\\helpers\\bcrypt.js","statementMap":{"0":{"start":{"line":1,"column":47},"end":{"line":1,"column":66}},"1":{"start":{"line":3,"column":0},"end":{"line":6,"column":2}},"2":{"start":{"line":4,"column":35},"end":{"line":4,"column":70}},"3":{"start":{"line":5,"column":49},"end":{"line":5,"column":84}}},"fnMap":{"0":{"name":"(anonymous_0)","decl":{"start":{"line":4,"column":21},"end":{"line":4,"column":22}},"loc":{"start":{"line":4,"column":35},"end":{"line":4,"column":70}},"line":4},"1":{"name":"(anonymous_1)","decl":{"start":{"line":5,"column":21},"end":{"line":5,"column":22}},"loc":{"start":{"line":5,"column":49},"end":{"line":5,"column":84}},"line":5}},"branchMap":{},"s":{"0":1,"1":1,"2":6,"3":3},"f":{"0":6,"1":3},"b":{},"_coverageSchema":"1a1c01bbd47fc00a2c39e90264f33305004495a9","hash":"22f5fff1e42821b384fb1cfe633be350055afbe8"}
,"C:\\Users\\LENOVO\\Desktop\\Developer-noob\\simple-web-developer-test\\back-end\\helpers\\jwt.js": {"path":"C:\\Users\\LENOVO\\Desktop\\Developer-noob\\simple-web-developer-test\\back-end\\helpers\\jwt.js","statementMap":{"0":{"start":{"line":1,"column":25},"end":{"line":1,"column":48}},"1":{"start":{"line":3,"column":0},"end":{"line":6,"column":2}},"2":{"start":{"line":4,"column":28},"end":{"line":4,"column":69}},"3":{"start":{"line":5,"column":28},"end":{"line":5,"column":69}}},"fnMap":{"0":{"name":"(anonymous_0)","decl":{"start":{"line":4,"column":15},"end":{"line":4,"column":16}},"loc":{"start":{"line":4,"column":28},"end":{"line":4,"column":69}},"line":4},"1":{"name":"(anonymous_1)","decl":{"start":{"line":5,"column":17},"end":{"line":5,"column":18}},"loc":{"start":{"line":5,"column":28},"end":{"line":5,"column":69}},"line":5}},"branchMap":{},"s":{"0":1,"1":1,"2":2,"3":12},"f":{"0":2,"1":12},"b":{},"_coverageSchema":"1a1c01bbd47fc00a2c39e90264f33305004495a9","hash":"8c8b4d51e8fb047341f3e354aa4c6b729b185bb9"}
,"C:\\Users\\LENOVO\\Desktop\\Developer-noob\\simple-web-developer-test\\back-end\\middlewares\\auth.js": {"path":"C:\\Users\\LENOVO\\Desktop\\Developer-noob\\simple-web-developer-test\\back-end\\middlewares\\auth.js","statementMap":{"0":{"start":{"line":1,"column":24},"end":{"line":1,"column":49}},"1":{"start":{"line":2,"column":13},"end":{"line":2,"column":38}},"2":{"start":{"line":4,"column":23},"end":{"line":18,"column":1}},"3":{"start":{"line":5,"column":4},"end":{"line":17,"column":5}},"4":{"start":{"line":6,"column":33},"end":{"line":6,"column":44}},"5":{"start":{"line":7,"column":8},"end":{"line":7,"column":86}},"6":{"start":{"line":7,"column":27},"end":{"line":7,"column":86}},"7":{"start":{"line":9,"column":22},"end":{"line":9,"column":47}},"8":{"start":{"line":10,"column":19},"end":{"line":10,"column":71}},"9":{"start":{"line":12,"column":8},"end":{"line":12,"column":79}},"10":{"start":{"line":12,"column":19},"end":{"line":12,"column":79}},"11":{"start":{"line":13,"column":8},"end":{"line":13,"column":61}},"12":{"start":{"line":14,"column":8},"end":{"line":14,"column":15}},"13":{"start":{"line":16,"column":8},"end":{"line":16,"column":19}},"14":{"start":{"line":20,"column":22},"end":{"line":27,"column":1}},"15":{"start":{"line":21,"column":4},"end":{"line":26,"column":5}},"16":{"start":{"line":22,"column":8},"end":{"line":23,"column":80}},"17":{"start":{"line":22,"column":38},"end":{"line":22,"column":45}},"18":{"start":{"line":23,"column":13},"end":{"line":23,"column":80}},"19":{"start":{"line":25,"column":8},"end":{"line":25,"column":19}},"20":{"start":{"line":29,"column":0},"end":{"line":32,"column":2}}},"fnMap":{"0":{"name":"(anonymous_0)","decl":{"start":{"line":4,"column":23},"end":{"line":4,"column":24}},"loc":{"start":{"line":4,"column":49},"end":{"line":18,"column":1}},"line":4},"1":{"name":"(anonymous_1)","decl":{"start":{"line":20,"column":22},"end":{"line":20,"column":23}},"loc":{"start":{"line":20,"column":48},"end":{"line":27,"column":1}},"line":20}},"branchMap":{"0":{"loc":{"start":{"line":7,"column":8},"end":{"line":7,"column":86}},"type":"if","locations":[{"start":{"line":7,"column":8},"end":{"line":7,"column":86}},{"start":{},"end":{}}],"line":7},"1":{"loc":{"start":{"line":12,"column":8},"end":{"line":12,"column":79}},"type":"if","locations":[{"start":{"line":12,"column":8},"end":{"line":12,"column":79}},{"start":{},"end":{}}],"line":12},"2":{"loc":{"start":{"line":22,"column":8},"end":{"line":23,"column":80}},"type":"if","locations":[{"start":{"line":22,"column":8},"end":{"line":23,"column":80}},{"start":{"line":23,"column":13},"end":{"line":23,"column":80}}],"line":22}},"s":{"0":1,"1":1,"2":1,"3":12,"4":12,"5":12,"6":1,"7":12,"8":11,"9":11,"10":0,"11":11,"12":11,"13":1,"14":1,"15":3,"16":3,"17":2,"18":1,"19":0,"20":1},"f":{"0":12,"1":3},"b":{"0":[1,11],"1":[0,11],"2":[2,1]},"_coverageSchema":"1a1c01bbd47fc00a2c39e90264f33305004495a9","hash":"fc74a9d58c44dcb0ae8b7b9710e052a5634cf934"}
,"C:\\Users\\LENOVO\\Desktop\\Developer-noob\\simple-web-developer-test\\back-end\\middlewares\\errorHandler.js": {"path":"C:\\Users\\LENOVO\\Desktop\\Developer-noob\\simple-web-developer-test\\back-end\\middlewares\\errorHandler.js","statementMap":{"0":{"start":{"line":1,"column":0},"end":{"line":25,"column":2}},"1":{"start":{"line":2,"column":22},"end":{"line":2,"column":39}},"2":{"start":{"line":3,"column":19},"end":{"line":3,"column":30}},"3":{"start":{"line":5,"column":4},"end":{"line":7,"column":5}},"4":{"start":{"line":6,"column":8},"end":{"line":6,"column":47}},"5":{"start":{"line":8,"column":4},"end":{"line":10,"column":5}},"6":{"start":{"line":9,"column":8},"end":{"line":9,"column":26}},"7":{"start":{"line":11,"column":4},"end":{"line":13,"column":5}},"8":{"start":{"line":12,"column":8},"end":{"line":12,"column":26}},"9":{"start":{"line":14,"column":4},"end":{"line":16,"column":5}},"10":{"start":{"line":15,"column":8},"end":{"line":15,"column":26}},"11":{"start":{"line":17,"column":4},"end":{"line":19,"column":5}},"12":{"start":{"line":18,"column":8},"end":{"line":18,"column":26}},"13":{"start":{"line":21,"column":4},"end":{"line":24,"column":7}}},"fnMap":{"0":{"name":"(anonymous_0)","decl":{"start":{"line":1,"column":17},"end":{"line":1,"column":18}},"loc":{"start":{"line":1,"column":42},"end":{"line":25,"column":1}},"line":1}},"branchMap":{"0":{"loc":{"start":{"line":2,"column":22},"end":{"line":2,"column":39}},"type":"binary-expr","locations":[{"start":{"line":2,"column":22},"end":{"line":2,"column":32}},{"start":{"line":2,"column":36},"end":{"line":2,"column":39}}],"line":2},"1":{"loc":{"start":{"line":5,"column":4},"end":{"line":7,"column":5}},"type":"if","locations":[{"start":{"line":5,"column":4},"end":{"line":7,"column":5}},{"start":{},"end":{}}],"line":5},"2":{"loc":{"start":{"line":8,"column":4},"end":{"line":10,"column":5}},"type":"if","locations":[{"start":{"line":8,"column":4},"end":{"line":10,"column":5}},{"start":{},"end":{}}],"line":8},"3":{"loc":{"start":{"line":11,"column":4},"end":{"line":13,"column":5}},"type":"if","locations":[{"start":{"line":11,"column":4},"end":{"line":13,"column":5}},{"start":{},"end":{}}],"line":11},"4":{"loc":{"start":{"line":14,"column":4},"end":{"line":16,"column":5}},"type":"if","locations":[{"start":{"line":14,"column":4},"end":{"line":16,"column":5}},{"start":{},"end":{}}],"line":14},"5":{"loc":{"start":{"line":14,"column":8},"end":{"line":14,"column":68}},"type":"binary-expr","locations":[{"start":{"line":14,"column":8},"end":{"line":14,"column":36}},{"start":{"line":14,"column":40},"end":{"line":14,"column":68}}],"line":14},"6":{"loc":{"start":{"line":17,"column":4},"end":{"line":19,"column":5}},"type":"if","locations":[{"start":{"line":17,"column":4},"end":{"line":19,"column":5}},{"start":{},"end":{}}],"line":17}},"s":{"0":1,"1":10,"2":10,"3":10,"4":1,"5":10,"6":6,"7":10,"8":1,"9":10,"10":1,"11":10,"12":1,"13":10},"f":{"0":10},"b":{"0":[10,10],"1":[1,9],"2":[6,4],"3":[1,9],"4":[1,9],"5":[10,10],"6":[1,9]},"_coverageSchema":"1a1c01bbd47fc00a2c39e90264f33305004495a9","hash":"2f3e286566d6e69a5aeb800539bee1163acfb716"}
,"C:\\Users\\LENOVO\\Desktop\\Developer-noob\\simple-web-developer-test\\back-end\\models\\user.js": {"path":"C:\\Users\\LENOVO\\Desktop\\Developer-noob\\simple-web-developer-test\\back-end\\models\\user.js","statementMap":{"0":{"start":{"line":1,"column":18},"end":{"line":1,"column":38}},"1":{"start":{"line":2,"column":28},"end":{"line":2,"column":56}},"2":{"start":{"line":6,"column":8},"end":{"line":6,"column":23}},"3":{"start":{"line":10,"column":0},"end":{"line":10,"column":22}}},"fnMap":{"0":{"name":"(anonymous_0)","decl":{"start":{"line":5,"column":4},"end":{"line":5,"column":5}},"loc":{"start":{"line":5,"column":27},"end":{"line":7,"column":5}},"line":5}},"branchMap":{},"s":{"0":1,"1":1,"2":83,"3":1},"f":{"0":83},"b":{},"_coverageSchema":"1a1c01bbd47fc00a2c39e90264f33305004495a9","hash":"70761eb6bbd044cab566e644b7163a344468ffdb"}
,"C:\\Users\\LENOVO\\Desktop\\Developer-noob\\simple-web-developer-test\\back-end\\routes\\index.js": {"path":"C:\\Users\\LENOVO\\Desktop\\Developer-noob\\simple-web-developer-test\\back-end\\routes\\index.js","statementMap":{"0":{"start":{"line":1,"column":16},"end":{"line":1,"column":34}},"1":{"start":{"line":2,"column":19},"end":{"line":2,"column":59}},"2":{"start":{"line":3,"column":15},"end":{"line":3,"column":31}},"3":{"start":{"line":4,"column":42},"end":{"line":4,"column":72}},"4":{"start":{"line":6,"column":0},"end":{"line":6,"column":58}},"5":{"start":{"line":7,"column":0},"end":{"line":7,"column":60}},"6":{"start":{"line":8,"column":0},"end":{"line":8,"column":44}},"7":{"start":{"line":9,"column":0},"end":{"line":9,"column":62}},"8":{"start":{"line":10,"column":0},"end":{"line":10,"column":83}},"9":{"start":{"line":12,"column":0},"end":{"line":12,"column":24}}},"fnMap":{},"branchMap":{},"s":{"0":1,"1":1,"2":1,"3":1,"4":1,"5":1,"6":1,"7":1,"8":1,"9":1},"f":{},"b":{},"_coverageSchema":"1a1c01bbd47fc00a2c39e90264f33305004495a9","hash":"5885b5da08f8b5ea5fbd78b4246fdc5f724e9b41"}
}
