TN:
SF:app.js
FNF:0
FNH:0
DA:1,1
DA:3,1
DA:4,1
DA:5,1
DA:6,1
DA:7,1
DA:9,1
DA:11,1
DA:13,1
DA:14,1
DA:15,1
DA:17,1
DA:18,1
DA:20,1
LF:14
LH:14
BRDA:1,0,0,1
BRDA:1,0,1,0
BRF:2
BRH:1
end_of_record
TN:
SF:controllers\userController.js
FN:6,(anonymous_0)
FN:15,(anonymous_1)
FN:32,(anonymous_2)
FN:44,(anonymous_3)
FN:57,(anonymous_4)
FNF:5
FNH:5
FNDA:1,(anonymous_0)
FNDA:6,(anonymous_1)
FNDA:1,(anonymous_2)
FNDA:2,(anonymous_3)
FNDA:4,(anonymous_4)
DA:1,1
DA:2,1
DA:3,1
DA:7,1
DA:8,1
DA:9,1
DA:11,0
DA:16,6
DA:17,6
DA:18,6
DA:19,6
DA:25,5
DA:26,1
DA:28,5
DA:33,1
DA:34,1
DA:35,1
DA:36,1
DA:38,1
DA:40,0
DA:45,2
DA:46,2
DA:47,2
DA:48,2
DA:50,2
DA:51,2
DA:53,0
DA:58,4
DA:59,4
DA:60,4
DA:61,4
DA:63,3
DA:64,0
DA:65,3
DA:66,0
DA:68,2
DA:69,2
DA:76,2
DA:81,1
LF:39
LH:34
BRDA:18,0,0,4
BRDA:18,0,1,2
BRDA:18,1,0,6
BRDA:18,1,1,2
BRDA:18,1,2,2
BRDA:36,2,0,0
BRDA:36,2,1,1
BRDA:48,3,0,1
BRDA:48,3,1,1
BRDA:51,4,0,1
BRDA:51,4,1,1
BRDA:60,5,0,2
BRDA:60,5,1,2
BRDA:60,6,0,4
BRDA:60,6,1,3
BRDA:63,7,0,0
BRDA:63,7,1,3
BRDA:65,8,0,0
BRDA:65,8,1,2
BRF:19
BRH:16
end_of_record
TN:
SF:db\db-setup.js
FN:5,setupDb
FNF:1
FNH:1
FNDA:1,setupDb
DA:1,1
DA:2,1
DA:3,1
DA:6,1
DA:7,1
DA:10,1
LF:6
LH:6
BRF:0
BRH:0
end_of_record
TN:
SF:db\knexfile.js
FNF:0
FNH:0
DA:2,1
DA:7,1
LF:2
LH:2
BRF:0
BRH:0
end_of_record
TN:
SF:helpers\bcrypt.js
FN:4,(anonymous_0)
FN:5,(anonymous_1)
FNF:2
FNH:2
FNDA:6,(anonymous_0)
FNDA:3,(anonymous_1)
DA:1,1
DA:3,1
DA:4,6
DA:5,3
LF:4
LH:4
BRF:0
BRH:0
end_of_record
TN:
SF:helpers\jwt.js
FN:4,(anonymous_0)
FN:5,(anonymous_1)
FNF:2
FNH:2
FNDA:2,(anonymous_0)
FNDA:12,(anonymous_1)
DA:1,1
DA:3,1
DA:4,2
DA:5,12
LF:4
LH:4
BRF:0
BRH:0
end_of_record
TN:
SF:middlewares\auth.js
FN:4,(anonymous_0)
FN:20,(anonymous_1)
FNF:2
FNH:2
FNDA:12,(anonymous_0)
FNDA:3,(anonymous_1)
DA:1,1
DA:2,1
DA:4,1
DA:5,12
DA:6,12
DA:7,12
DA:9,12
DA:10,11
DA:12,11
DA:13,11
DA:14,11
DA:16,1
DA:20,1
DA:21,3
DA:22,3
DA:23,1
DA:25,0
DA:29,1
LF:18
LH:17
BRDA:7,0,0,1
BRDA:7,0,1,11
BRDA:12,1,0,0
BRDA:12,1,1,11
BRDA:22,2,0,2
BRDA:22,2,1,1
BRF:6
BRH:5
end_of_record
TN:
SF:middlewares\errorHandler.js
FN:1,(anonymous_0)
FNF:1
FNH:1
FNDA:10,(anonymous_0)
DA:1,1
DA:2,10
DA:3,10
DA:5,10
DA:6,1
DA:8,10
DA:9,6
DA:11,10
DA:12,1
DA:14,10
DA:15,1
DA:17,10
DA:18,1
DA:21,10
LF:14
LH:14
BRDA:2,0,0,10
BRDA:2,0,1,10
BRDA:5,1,0,1
BRDA:5,1,1,9
BRDA:8,2,0,6
BRDA:8,2,1,4
BRDA:11,3,0,1
BRDA:11,3,1,9
BRDA:14,4,0,1
BRDA:14,4,1,9
BRDA:14,5,0,10
BRDA:14,5,1,10
BRDA:17,6,0,1
BRDA:17,6,1,9
BRF:14
BRH:14
end_of_record
TN:
SF:models\user.js
FN:5,(anonymous_0)
FNF:1
FNH:1
FNDA:83,(anonymous_0)
DA:1,1
DA:2,1
DA:6,83
DA:10,1
LF:4
LH:4
BRF:0
BRH:0
end_of_record
TN:
SF:routes\index.js
FNF:0
FNH:0
DA:1,1
DA:2,1
DA:3,1
DA:4,1
DA:6,1
DA:7,1
DA:8,1
DA:9,1
DA:10,1
DA:12,1
LF:10
LH:10
BRF:0
BRH:0
end_of_record
